<?xml version="1.0" encoding="UTF-8"?>
<testsuite name="com.thoughtworks.rectangle.RectangleTest" tests="2" skipped="0" failures="0" errors="0" timestamp="2022-07-29T04:14:13" hostname="gurushifu-gurushifugitp-nqswngjcp2g" time="0.017">
  <properties/>
  <testcase name="shouldReturnAreaWhenLengthAndBreadthIsGiven()" classname="com.thoughtworks.rectangle.RectangleTest" time="0.014"/>
  <testcase name="shouldReturnPerimeterWhenLengthAndBreadthIsGiven()" classname="com.thoughtworks.rectangle.RectangleTest" time="0.001"/>
  <system-out><![CDATA[]]></system-out>
  <system-err><![CDATA[]]></system-err>
</testsuite>
